12:29:35.795 [main] INFO  com.revshop.app.RevShopApp - RevShop Application Started
12:29:35.809 [main] INFO  com.revshop.app.RevShopApp - Displaying main menu
12:29:59.109 [main] INFO  com.revshop.app.RevShopApp - User selected choice: 1
12:30:16.911 [main] INFO  com.revshop.app.RevShopApp - Login attempt with email: seller1@gmail.com
12:30:29.157 [main] INFO  com.revshop.app.RevShopApp - User logged in: seller1 (SELLER)
12:30:35.497 [main] INFO  com.revshop.app.RevShopApp - Seller selected choice: 2 (seller1)
12:32:20.288 [main] INFO  com.revshop.app.RevShopApp - Seller selected choice: 4 (seller1)
12:32:47.045 [main] INFO  com.revshop.app.RevShopApp - Seller selected choice: 4 (seller1)
12:33:02.482 [main] INFO  com.revshop.app.RevShopApp - Seller selected choice: 1 (seller1)
12:34:04.532 [main] INFO  com.revshop.app.RevShopApp - Seller selected choice: 3 (seller1)
12:34:20.089 [main] INFO  com.revshop.app.RevShopApp - Seller selected choice: 4 (seller1)
12:34:35.616 [main] INFO  com.revshop.app.RevShopApp - Seller selected choice: 5 (seller1)
12:34:51.326 [main] INFO  com.revshop.app.RevShopApp - Seller selected choice: 6 (seller1)
12:34:55.159 [main] INFO  com.revshop.app.RevShopApp - Seller selected choice: 7 (seller1)
12:34:55.160 [main] INFO  com.revshop.app.RevShopApp - Seller logged out: seller1
12:34:55.161 [main] INFO  com.revshop.app.RevShopApp - Displaying main menu
12:47:03.750 [main] INFO  com.revshop.app.RevShopApp - User selected choice: 1
12:47:22.399 [main] INFO  com.revshop.app.RevShopApp - Login attempt with email: buyer1234@gmail.com
12:47:27.129 [main] INFO  com.revshop.app.RevShopApp - User logged in: Buyer (BUYER)
12:47:35.151 [main] INFO  com.revshop.app.RevShopApp - Buyer selected choice: 1 (Buyer)
12:47:44.121 [main] INFO  com.revshop.app.RevShopApp - Buyer selected choice: 2 (Buyer)
12:47:49.197 [main] INFO  com.revshop.app.RevShopApp - Added to cart: ProductID=1 Qty=1
12:48:00.003 [main] INFO  com.revshop.app.RevShopApp - Buyer selected choice: 4 (Buyer)
12:48:03.509 [main] INFO  com.revshop.app.RevShopApp - Removed from cart: ProductID=1 Qty=1
12:48:10.645 [main] INFO  com.revshop.app.RevShopApp - Buyer selected choice: 2 (Buyer)
12:48:13.129 [main] INFO  com.revshop.app.RevShopApp - Added to cart: ProductID=1 Qty=1
12:48:21.455 [main] INFO  com.revshop.app.RevShopApp - Buyer selected choice: 5 (Buyer)
12:48:31.557 [main] INFO  com.revshop.app.RevShopApp - Order placed by user: Buyer Payment=upi
12:48:39.931 [main] INFO  com.revshop.app.RevShopApp - Buyer selected choice: 6 (Buyer)
12:48:50.571 [main] INFO  com.revshop.app.RevShopApp - Buyer selected choice: 8 (Buyer)
12:48:57.975 [main] INFO  com.revshop.app.RevShopApp - Review added: ProductID=1 Rating=4
12:49:01.166 [main] INFO  com.revshop.app.RevShopApp - Buyer selected choice: 9 (Buyer)
12:49:09.008 [main] INFO  com.revshop.app.RevShopApp - Buyer selected choice: 10 (Buyer)
12:49:12.303 [main] INFO  com.revshop.app.RevShopApp - Added to favourites: ProductID=2
12:49:16.001 [main] INFO  com.revshop.app.RevShopApp - Buyer selected choice: 11 (Buyer)
12:49:31.020 [main] INFO  com.revshop.app.RevShopApp - Buyer selected choice: 12 (Buyer)
12:49:33.206 [main] INFO  com.revshop.app.RevShopApp - Removed from favourites: ProductID=2
12:49:36.900 [main] INFO  com.revshop.app.RevShopApp - Buyer selected choice: 11 (Buyer)
12:49:41.368 [main] INFO  com.revshop.app.RevShopApp - Buyer selected choice: 13 (Buyer)
12:49:41.370 [main] INFO  com.revshop.app.RevShopApp - User logged out: Buyer
12:49:41.370 [main] INFO  com.revshop.app.RevShopApp - Displaying main menu
2026-02-08 15:46:03 [main] INFO  com.revshop.app.RevShopApp - RevShop application started
2026-02-08 15:46:29 [main] INFO  com.revshop.app.RevShopApp - Main menu choice selected: 1
2026-02-08 15:46:45 [main] INFO  com.revshop.app.RevShopApp - Login attempt for email: buyer1@gmail.com
2026-02-08 15:46:45 [main] WARN  com.revshop.app.RevShopApp - Login failed for email: buyer1@gmail.com
2026-02-08 15:46:52 [main] INFO  com.revshop.app.RevShopApp - Main menu choice selected: 1
2026-02-08 15:47:20 [main] INFO  com.revshop.app.RevShopApp - Login attempt for email: buyer1234@gmail.com
2026-02-08 15:47:20 [main] WARN  com.revshop.app.RevShopApp - Login failed for email: buyer1234@gmail.com
2026-02-08 15:48:09 [main] INFO  com.revshop.app.RevShopApp - RevShop application started
2026-02-08 15:48:14 [main] INFO  com.revshop.app.RevShopApp - Main menu choice selected: 2
2026-02-08 15:48:44 [main] INFO  com.revshop.app.RevShopApp - Registering new user with email: anvi1234@gmail.com
2026-02-08 15:48:44 [main] INFO  com.revshop.app.RevShopApp - User registration completed for email: anvi1234@gmail.com
2026-02-08 15:48:54 [main] INFO  com.revshop.app.RevShopApp - Main menu choice selected: 1
2026-02-08 15:49:05 [main] INFO  com.revshop.app.RevShopApp - Login attempt for email: anvi1234@gmail.com
2026-02-08 15:49:05 [main] WARN  com.revshop.app.RevShopApp - Login failed for email: anvi1234@gmail.com
2026-02-08 16:02:42 [main] INFO  com.revshop.app.RevShopApp - RevShop application started
2026-02-08 16:02:48 [main] INFO  com.revshop.app.RevShopApp - Main menu choice selected: 1
2026-02-08 16:03:02 [main] INFO  com.revshop.app.RevShopApp - Login attempt for email: seller1@gmail.com
2026-02-08 16:03:02 [main] WARN  com.revshop.app.RevShopApp - Login failed for email: seller1@gmail.com
2026-02-08 16:04:34 [main] INFO  com.revshop.app.RevShopApp - RevShop application started
2026-02-08 16:04:37 [main] INFO  com.revshop.app.RevShopApp - Main menu choice selected: 1
2026-02-08 16:04:48 [main] INFO  com.revshop.app.RevShopApp - Login attempt for email: seller1@gmail.com
2026-02-08 16:04:48 [main] WARN  com.revshop.app.RevShopApp - Login failed for email: seller1@gmail.com
2026-02-08 16:09:10 [main] INFO  com.revshop.app.RevShopApp - RevShop application started
2026-02-08 16:09:13 [main] INFO  com.revshop.app.RevShopApp - Main menu choice selected: 1
2026-02-08 16:09:27 [main] INFO  com.revshop.app.RevShopApp - Login attempt for email: buyer1@gmail.com
2026-02-08 16:09:27 [main] WARN  com.revshop.app.RevShopApp - Login failed for email: buyer1@gmail.com
2026-02-08 16:10:53 [main] INFO  com.revshop.app.RevShopApp - RevShop application started
2026-02-08 16:10:58 [main] INFO  com.revshop.app.RevShopApp - Main menu choice selected: 1
2026-02-08 16:11:11 [main] INFO  com.revshop.app.RevShopApp - Login attempt for email: buyer1@gmail.com
2026-02-08 16:11:13 [main] WARN  com.revshop.app.RevShopApp - Login failed for email: buyer1@gmail.com
2026-02-08 16:11:47 [main] INFO  com.revshop.app.RevShopApp - RevShop application started
2026-02-08 16:11:49 [main] INFO  com.revshop.app.RevShopApp - Main menu choice selected: 1
2026-02-08 16:11:59 [main] INFO  com.revshop.app.RevShopApp - Login attempt for email: seller1@gmail.com
2026-02-08 16:12:01 [main] INFO  com.revshop.app.RevShopApp - Login successful. UserId: 3, Role: SELLER
2026-02-08 16:12:01 [main] INFO  com.revshop.app.RevShopApp - Seller menu opened for userId: 3
2026-02-08 16:12:08 [main] INFO  com.revshop.app.RevShopApp - Seller menu choice: 7
2026-02-08 16:12:08 [main] INFO  com.revshop.app.RevShopApp - Seller logged out. UserId: 3
2026-02-08 16:12:10 [main] INFO  com.revshop.app.RevShopApp - Main menu choice selected: 1
2026-02-08 16:12:31 [main] INFO  com.revshop.app.RevShopApp - Login attempt for email: anvi1234@gmail.com
2026-02-08 16:12:31 [main] WARN  com.revshop.app.RevShopApp - Login failed for email: anvi1234@gmail.com
2026-02-08 16:13:03 [main] INFO  com.revshop.app.RevShopApp - RevShop application started
2026-02-08 16:13:05 [main] INFO  com.revshop.app.RevShopApp - Main menu choice selected: 1
2026-02-08 16:13:22 [main] INFO  com.revshop.app.RevShopApp - Login attempt for email: buyer1@gmail.com
2026-02-08 16:13:23 [main] WARN  com.revshop.app.RevShopApp - Login failed for email: buyer1@gmail.com
2026-02-08 16:13:26 [main] INFO  com.revshop.app.RevShopApp - Main menu choice selected: 1
2026-02-08 16:13:35 [main] INFO  com.revshop.app.RevShopApp - Login attempt for email: buyer1@gmail.com
2026-02-08 16:13:35 [main] WARN  com.revshop.app.RevShopApp - Login failed for email: buyer1@gmail.com
2026-02-08 16:13:42 [main] INFO  com.revshop.app.RevShopApp - Main menu choice selected: 2
2026-02-08 16:14:08 [main] INFO  com.revshop.app.RevShopApp - Registering new user with email: anvika@gmail.com
2026-02-08 16:14:09 [main] INFO  com.revshop.app.RevShopApp - User registration completed for email: anvika@gmail.com
2026-02-08 16:14:13 [main] INFO  com.revshop.app.RevShopApp - Main menu choice selected: 1
2026-02-08 16:14:25 [main] INFO  com.revshop.app.RevShopApp - Login attempt for email: anvika@gmail.com
2026-02-08 16:14:25 [main] INFO  com.revshop.app.RevShopApp - Login successful. UserId: 21, Role: BUYER
2026-02-08 16:14:25 [main] INFO  com.revshop.app.RevShopApp - Buyer menu opened for userId: 21
2026-02-08 16:27:51 [main] INFO  com.revshop.app.RevShopApp - RevShop application started
2026-02-08 16:27:54 [main] INFO  com.revshop.app.RevShopApp - Main menu choice selected: 1
2026-02-08 16:28:04 [main] INFO  com.revshop.app.RevShopApp - Login attempt for email: anivika@gmail.com
2026-02-08 16:28:04 [main] INFO  com.revshop.util.DBUtil - Oracle JDBC Driver loaded successfully
2026-02-08 16:28:04 [main] INFO  com.revshop.util.DBUtil - Creating database connection
2026-02-08 16:28:05 [main] WARN  com.revshop.app.RevShopApp - Login failed for email: anivika@gmail.com
2026-02-08 16:28:18 [main] INFO  com.revshop.app.RevShopApp - Main menu choice selected: 1
2026-02-08 16:28:27 [main] INFO  com.revshop.app.RevShopApp - Login attempt for email: anvika@gmail.com
2026-02-08 16:28:27 [main] INFO  com.revshop.util.DBUtil - Creating database connection
2026-02-08 16:28:27 [main] INFO  com.revshop.app.RevShopApp - Login successful. UserId: 21, Role: BUYER
2026-02-08 16:28:27 [main] INFO  com.revshop.app.RevShopApp - Buyer menu opened for userId: 21
2026-02-08 16:51:56 [main] INFO  com.revshop.app.RevShopApp - RevShop application started
2026-02-08 16:51:59 [main] INFO  com.revshop.app.RevShopApp - Main menu choice selected: 1
2026-02-08 16:52:13 [main] INFO  com.revshop.app.RevShopApp - Login attempt for email: anvika@gmail.com
2026-02-08 16:52:13 [main] INFO  com.revshop.util.DBUtil - Oracle JDBC Driver loaded successfully
2026-02-08 16:52:13 [main] INFO  com.revshop.util.DBUtil - Creating database connection
2026-02-08 16:52:14 [main] INFO  com.revshop.app.RevShopApp - Login successful. UserId: 21, Role: BUYER
2026-02-08 16:52:14 [main] INFO  com.revshop.app.RevShopApp - Buyer menu opened for userId: 21
2026-02-08 16:52:34 [main] INFO  com.revshop.app.RevShopApp - Buyer menu choice: 1
2026-02-08 16:52:34 [main] INFO  com.revshop.util.DBUtil - Creating database connection
2026-02-08 16:54:37 [main] INFO  com.revshop.app.RevShopApp - RevShop application started
2026-02-08 16:54:47 [main] INFO  com.revshop.util.DBUtil - Oracle JDBC Driver loaded successfully
2026-02-08 16:54:47 [main] INFO  com.revshop.util.DBUtil - Creating database connection
2026-02-08 16:54:54 [main] INFO  com.revshop.util.DBUtil - Creating database connection
2026-02-08 16:55:06 [main] INFO  com.revshop.util.DBUtil - Creating database connection
2026-02-08 17:00:25 [main] INFO  com.revshop.app.RevShopApp - RevShop application started
2026-02-08 17:00:35 [main] INFO  com.revshop.util.DBUtil - Oracle JDBC Driver loaded successfully
2026-02-08 17:00:35 [main] INFO  com.revshop.util.DBUtil - Creating database connection
2026-02-08 17:01:33 [main] INFO  com.revshop.util.DBUtil - Creating database connection
2026-02-08 17:01:33 [main] WARN  com.revshop.app.RevShopApp - Password reset failed for email: anvika@gmail.com
2026-02-08 17:02:21 [main] INFO  com.revshop.util.DBUtil - Creating database connection
2026-02-08 17:30:49 [main] INFO  com.revshop.app.RevShopApp - RevShop Application Started
2026-02-08 17:31:36 [main] INFO  com.revshop.util.DBUtil - Oracle JDBC Driver loaded
2026-02-08 17:31:36 [main] INFO  com.revshop.util.DBUtil - Creating database connection
2026-02-08 17:31:39 [main] WARN  com.revshop.app.RevShopApp - Login failed for email: Dia1234@gmail.com
2026-02-08 17:34:07 [main] INFO  com.revshop.app.RevShopApp - RevShop Application Started
2026-02-08 17:34:19 [main] INFO  com.revshop.util.DBUtil - Oracle JDBC Driver loaded
2026-02-08 17:34:19 [main] INFO  com.revshop.util.DBUtil - Creating database connection
2026-02-08 17:34:21 [main] WARN  com.revshop.app.RevShopApp - Login failed for email: seller1@gmail.com
2026-02-08 17:34:45 [main] INFO  com.revshop.util.DBUtil - Creating database connection
2026-02-08 17:34:46 [main] WARN  com.revshop.app.RevShopApp - Login failed for email: 4
2026-02-08 17:35:43 [main] INFO  com.revshop.util.DBUtil - Creating database connection
2026-02-08 17:36:55 [main] INFO  com.revshop.util.DBUtil - Creating database connection
2026-02-08 17:36:57 [main] WARN  com.revshop.app.RevShopApp - Login failed for email: seller1@gmail.com
2026-02-08 17:37:12 [main] INFO  com.revshop.util.DBUtil - Creating database connection
2026-02-08 17:37:13 [main] WARN  com.revshop.app.RevShopApp - Login failed for email: seller1@gmail.com
2026-02-08 17:41:54 [main] INFO  com.revshop.app.RevShopApp - RevShop Application Started
2026-02-08 17:42:46 [main] INFO  com.revshop.util.DBUtil - Oracle JDBC Driver loaded
2026-02-08 17:42:46 [main] INFO  com.revshop.util.DBUtil - Creating database connection
2026-02-08 17:42:48 [main] WARN  com.revshop.app.RevShopApp - Registration failed: buyer2@gmail.com
2026-02-08 17:43:39 [main] INFO  com.revshop.util.DBUtil - Creating database connection
2026-02-08 17:43:40 [main] WARN  com.revshop.app.RevShopApp - Registration failed: seller2@gmail.com
2026-02-08 17:46:26 [main] INFO  com.revshop.app.RevShopApp - RevShop Application Started
2026-02-08 17:47:24 [main] INFO  com.revshop.util.DBUtil - Oracle JDBC Driver loaded
2026-02-08 17:47:24 [main] INFO  com.revshop.util.DBUtil - Creating database connection
2026-02-08 17:47:25 [main] INFO  com.revshop.app.RevShopApp - User registered: Chandini@gmail.com
2026-02-08 17:47:48 [main] INFO  com.revshop.util.DBUtil - Creating database connection
2026-02-08 17:47:48 [main] INFO  com.revshop.app.RevShopApp - Login success: Chandini@gmail.com
2026-02-08 17:48:11 [main] INFO  com.revshop.util.DBUtil - Creating database connection
2026-02-08 17:48:11 [main] INFO  com.revshop.app.RevShopApp - Password reset successful: Chandini@gmail.com
2026-02-08 17:48:32 [main] INFO  com.revshop.util.DBUtil - Creating database connection
2026-02-08 17:48:32 [main] INFO  com.revshop.app.RevShopApp - Login success: Chandini@gmail.com
2026-02-08 17:50:50 [main] INFO  com.revshop.util.DBUtil - Creating database connection
2026-02-08 17:50:50 [main] INFO  com.revshop.app.RevShopApp - Login success: Chandini@gmail.com
2026-02-08 17:57:03 [main] INFO  com.revshop.app.RevShopApp - RevShop Application Started
2026-02-08 17:57:17 [main] INFO  com.revshop.util.DBUtil - Oracle JDBC Driver loaded
2026-02-08 17:57:17 [main] INFO  com.revshop.util.DBUtil - Creating database connection
2026-02-08 17:57:19 [main] WARN  com.revshop.app.RevShopApp - Login failed for email: Chnadini@gmail.com
2026-02-08 17:57:44 [main] INFO  com.revshop.util.DBUtil - Creating database connection
2026-02-08 17:57:44 [main] INFO  com.revshop.app.RevShopApp - Login success: Chandini@gmail.com
2026-02-08 18:02:47 [main] INFO  com.revshop.util.DBUtil - Oracle JDBC Driver loaded
2026-02-08 18:02:47 [main] INFO  com.revshop.util.DBUtil - Creating database connection
2026-02-08 18:02:48 [main] INFO  com.revshop.app.RevShopApp - Login success: Chandini@gmail.com
2026-02-08 18:05:58 [main] INFO  com.revshop.util.DBUtil - Oracle JDBC Driver loaded
2026-02-08 18:05:58 [main] INFO  com.revshop.util.DBUtil - Creating database connection
2026-02-08 18:05:59 [main] INFO  com.revshop.app.RevShopApp - Login success: Chandini@gmail.com
2026-02-08 18:06:04 [main] INFO  com.revshop.util.DBUtil - Creating database connection
2026-02-08 18:06:23 [main] INFO  com.revshop.util.DBUtil - Creating database connection
2026-02-08 18:06:57 [main] INFO  com.revshop.util.DBUtil - Creating database connection
2026-02-08 18:07:03 [main] INFO  com.revshop.util.DBUtil - Creating database connection
2026-02-08 18:07:15 [main] INFO  com.revshop.util.DBUtil - Creating database connection
2026-02-08 18:07:33 [main] INFO  com.revshop.util.DBUtil - Creating database connection
2026-02-08 18:07:42 [main] INFO  com.revshop.util.DBUtil - Creating database connection
2026-02-08 18:07:59 [main] INFO  com.revshop.util.DBUtil - Creating database connection
2026-02-08 18:08:14 [main] INFO  com.revshop.util.DBUtil - Creating database connection
2026-02-08 18:08:24 [main] INFO  com.revshop.util.DBUtil - Creating database connection
2026-02-08 18:08:44 [main] INFO  com.revshop.util.DBUtil - Creating database connection
2026-02-08 18:08:57 [main] INFO  com.revshop.util.DBUtil - Creating database connection
2026-02-08 18:09:16 [main] INFO  com.revshop.util.DBUtil - Creating database connection
2026-02-08 18:09:25 [main] INFO  com.revshop.util.DBUtil - Creating database connection
2026-02-08 18:09:55 [main] INFO  com.revshop.util.DBUtil - Creating database connection
2026-02-08 18:09:55 [main] INFO  com.revshop.app.RevShopApp - Login success: seller1@gmail.com
2026-02-08 18:09:58 [main] INFO  com.revshop.util.DBUtil - Creating database connection
2026-02-08 18:10:13 [main] INFO  com.revshop.util.DBUtil - Creating database connection
2026-02-08 18:11:08 [main] INFO  com.revshop.util.DBUtil - Creating database connection
2026-02-08 18:11:12 [main] INFO  com.revshop.util.DBUtil - Creating database connection
2026-02-08 18:11:38 [main] INFO  com.revshop.util.DBUtil - Creating database connection
2026-02-08 18:11:51 [main] INFO  com.revshop.util.DBUtil - Creating database connection
2026-02-08 18:11:56 [main] INFO  com.revshop.util.DBUtil - Creating database connection
2026-02-08 18:12:04 [main] INFO  com.revshop.util.DBUtil - Creating database connection
2026-02-08 18:23:45 [main] INFO  com.revshop.util.DBUtil - Oracle JDBC Driver loaded
2026-02-08 18:23:45 [main] INFO  com.revshop.util.DBUtil - Creating database connection
2026-02-08 18:23:46 [main] INFO  com.revshop.app.RevShopApp - Login success: seller1@gmail.com
2026-02-08 18:23:56 [main] INFO  com.revshop.util.DBUtil - Creating database connection
2026-02-08 18:24:10 [main] INFO  com.revshop.util.DBUtil - Creating database connection
2026-02-08 18:24:15 [main] INFO  com.revshop.util.DBUtil - Creating database connection
2026-02-08 18:24:40 [main] INFO  com.revshop.util.DBUtil - Creating database connection
2026-02-08 18:43:27 [main] INFO  com.revshop.util.DBUtil - Creating database connection
2026-02-08 18:43:28 [main] INFO  com.revshop.app.RevShopApp - Registration success: seller2@gmail.com
2026-02-08 18:43:53 [main] INFO  com.revshop.util.DBUtil - Creating database connection
2026-02-08 18:43:53 [main] INFO  com.revshop.app.RevShopApp - Login success: seller2@gmail.com
2026-02-08 18:43:56 [main] INFO  com.revshop.util.DBUtil - Creating database connection
2026-02-08 20:12:22 [main] INFO  com.revshop.util.DBUtil - Oracle JDBC Driver loaded
2026-02-08 20:12:22 [main] INFO  com.revshop.util.DBUtil - Creating database connection
2026-02-08 20:12:24 [main] WARN  com.revshop.app.RevShopApp - Login failed for email: Chandini@gmail.com
2026-02-08 20:33:52 [main] INFO  com.revshop.util.DBUtil - Oracle JDBC Driver loaded
2026-02-08 20:33:52 [main] INFO  com.revshop.util.DBUtil - Creating database connection
2026-02-08 20:33:53 [main] WARN  com.revshop.app.RevShopApp - Login failed for email: Chandini@gmail.com
2026-02-08 20:34:08 [main] INFO  com.revshop.util.DBUtil - Creating database connection
2026-02-08 20:34:08 [main] INFO  com.revshop.app.RevShopApp - Login success: seller1@gmail.com
2026-02-08 20:34:28 [main] INFO  com.revshop.util.DBUtil - Creating database connection
2026-02-08 20:34:28 [main] WARN  com.revshop.app.RevShopApp - Login failed for email: Buyer1@gmail.com
2026-02-08 20:36:24 [main] INFO  com.revshop.util.DBUtil - Creating database connection
2026-02-08 20:36:24 [main] WARN  com.revshop.app.RevShopApp - Login failed for email: buyer2@gmail.com
2026-02-08 20:36:38 [main] INFO  com.revshop.util.DBUtil - Creating database connection
2026-02-08 20:36:38 [main] WARN  com.revshop.app.RevShopApp - Login failed for email: buyer2@gmail.com
2026-02-08 20:39:02 [main] INFO  com.revshop.util.DBUtil - Creating database connection
2026-02-08 20:39:02 [main] INFO  com.revshop.app.RevShopApp - Login success: Chandini@gmail.com
2026-02-08 21:21:18 [main] INFO  com.revshop.util.DBUtil - Oracle JDBC Driver loaded
2026-02-08 21:21:18 [main] INFO  com.revshop.util.DBUtil - Creating database connection
2026-02-08 21:21:19 [main] INFO  com.revshop.util.DBUtil - Creating database connection
2026-02-08 21:21:19 [main] INFO  com.revshop.util.DBUtil - Creating database connection
2026-02-08 21:27:48 [main] INFO  com.revshop.util.DBUtil - Oracle JDBC Driver loaded
2026-02-08 21:27:48 [main] INFO  com.revshop.util.DBUtil - Creating database connection
2026-02-08 21:27:49 [main] INFO  com.revshop.util.DBUtil - Creating database connection
2026-02-08 21:27:49 [main] INFO  com.revshop.util.DBUtil - Creating database connection
2026-02-08 21:38:04 [main] INFO  com.revshop.util.DBUtil - Oracle JDBC Driver loaded
2026-02-08 21:38:04 [main] INFO  com.revshop.util.DBUtil - Creating database connection
2026-02-08 21:38:05 [main] INFO  com.revshop.util.DBUtil - Creating database connection
2026-02-08 21:38:05 [main] INFO  com.revshop.util.DBUtil - Creating database connection
2026-02-08 21:43:32 [main] INFO  com.revshop.util.DBUtil - Oracle JDBC Driver loaded
2026-02-08 21:43:32 [main] INFO  com.revshop.util.DBUtil - Creating database connection
2026-02-08 21:43:32 [main] INFO  com.revshop.util.DBUtil - Creating database connection
2026-02-08 21:43:33 [main] INFO  com.revshop.util.DBUtil - Creating database connection
2026-02-08 21:45:44 [main] INFO  com.revshop.util.DBUtil - Oracle JDBC Driver loaded
2026-02-08 21:45:44 [main] INFO  com.revshop.util.DBUtil - Creating database connection
2026-02-08 21:45:45 [main] INFO  com.revshop.util.DBUtil - Creating database connection
2026-02-08 21:45:45 [main] INFO  com.revshop.util.DBUtil - Creating database connection
2026-02-08 21:45:45 [main] INFO  com.revshop.util.DBUtil - Creating database connection
2026-02-08 21:45:45 [main] INFO  com.revshop.util.DBUtil - Creating database connection
2026-02-08 21:45:45 [main] INFO  com.revshop.util.DBUtil - Creating database connection
2026-02-08 21:47:27 [main] INFO  com.revshop.util.DBUtil - Oracle JDBC Driver loaded
2026-02-08 21:47:27 [main] INFO  com.revshop.util.DBUtil - Creating database connection
2026-02-08 21:47:27 [main] INFO  com.revshop.util.DBUtil - Creating database connection
2026-02-08 21:47:28 [main] INFO  com.revshop.util.DBUtil - Creating database connection
2026-02-08 21:53:54 [main] INFO  com.revshop.util.DBUtil - Oracle JDBC Driver loaded
2026-02-08 21:53:54 [main] INFO  com.revshop.util.DBUtil - Creating database connection
2026-02-08 21:53:55 [main] INFO  com.revshop.util.DBUtil - Creating database connection
2026-02-08 21:53:55 [main] INFO  com.revshop.util.DBUtil - Creating database connection
2026-02-08 21:53:55 [main] INFO  com.revshop.util.DBUtil - Creating database connection
2026-02-08 21:53:55 [main] INFO  com.revshop.util.DBUtil - Creating database connection
2026-02-08 21:53:55 [main] INFO  com.revshop.util.DBUtil - Creating database connection
2026-02-08 21:53:55 [main] INFO  com.revshop.util.DBUtil - Creating database connection
2026-02-08 21:53:55 [main] INFO  com.revshop.util.DBUtil - Creating database connection
2026-02-08 21:53:55 [main] INFO  com.revshop.util.DBUtil - Creating database connection
2026-02-08 21:53:55 [main] INFO  com.revshop.util.DBUtil - Creating database connection
2026-02-08 21:53:55 [main] INFO  com.revshop.util.DBUtil - Creating database connection
2026-02-08 21:53:55 [main] INFO  com.revshop.util.DBUtil - Creating database connection
2026-02-08 21:53:55 [main] INFO  com.revshop.util.DBUtil - Creating database connection
2026-02-08 21:53:55 [main] INFO  com.revshop.util.DBUtil - Creating database connection
2026-02-08 21:57:16 [main] INFO  com.revshop.util.DBUtil - Oracle JDBC Driver loaded
2026-02-08 21:57:16 [main] INFO  com.revshop.util.DBUtil - Creating database connection
2026-02-08 21:57:17 [main] INFO  com.revshop.util.DBUtil - Creating database connection
2026-02-08 21:57:17 [main] INFO  com.revshop.util.DBUtil - Creating database connection
2026-02-08 21:57:40 [main] INFO  com.revshop.util.DBUtil - Oracle JDBC Driver loaded
2026-02-08 21:57:40 [main] INFO  com.revshop.util.DBUtil - Creating database connection
2026-02-08 21:57:41 [main] INFO  com.revshop.util.DBUtil - Creating database connection
2026-02-08 21:57:41 [main] INFO  com.revshop.util.DBUtil - Creating database connection
2026-02-08 21:59:27 [main] INFO  com.revshop.util.DBUtil - Oracle JDBC Driver loaded
2026-02-08 21:59:27 [main] INFO  com.revshop.util.DBUtil - Creating database connection
2026-02-08 21:59:28 [main] INFO  com.revshop.util.DBUtil - Creating database connection
2026-02-08 21:59:28 [main] INFO  com.revshop.util.DBUtil - Creating database connection
2026-02-08 21:59:28 [main] INFO  com.revshop.util.DBUtil - Creating database connection
2026-02-08 22:02:59 [main] INFO  com.revshop.util.DBUtil - Oracle JDBC Driver loaded
2026-02-08 22:02:59 [main] INFO  com.revshop.util.DBUtil - Creating database connection
2026-02-08 22:03:55 [main] INFO  com.revshop.util.DBUtil - Oracle JDBC Driver loaded
2026-02-08 22:03:55 [main] INFO  com.revshop.util.DBUtil - Creating database connection
2026-02-08 22:04:37 [main] INFO  com.revshop.util.DBUtil - Oracle JDBC Driver loaded
2026-02-08 22:04:37 [main] INFO  com.revshop.util.DBUtil - Creating database connection
2026-02-08 22:04:38 [main] INFO  com.revshop.util.DBUtil - Creating database connection
2026-02-08 22:04:38 [main] INFO  com.revshop.util.DBUtil - Creating database connection
2026-02-08 22:04:38 [main] INFO  com.revshop.util.DBUtil - Creating database connection
2026-02-08 22:04:38 [main] INFO  com.revshop.util.DBUtil - Creating database connection
2026-02-08 22:04:38 [main] INFO  com.revshop.util.DBUtil - Creating database connection
2026-02-08 22:06:41 [main] INFO  com.revshop.util.DBUtil - Oracle JDBC Driver loaded
2026-02-08 22:06:41 [main] INFO  com.revshop.util.DBUtil - Creating database connection
2026-02-08 22:10:38 [main] INFO  com.revshop.util.DBUtil - Creating database connection
2026-02-08 22:11:58 [main] INFO  com.revshop.util.DBUtil - Creating database connection
2026-02-08 22:12:24 [main] INFO  com.revshop.util.DBUtil - Oracle JDBC Driver loaded
2026-02-08 22:12:24 [main] INFO  com.revshop.util.DBUtil - Creating database connection
2026-02-08 22:12:52 [main] INFO  com.revshop.util.DBUtil - Creating database connection
2026-02-08 22:13:31 [main] INFO  com.revshop.util.DBUtil - Creating database connection
2026-02-08 22:14:02 [main] INFO  com.revshop.util.DBUtil - Creating database connection
2026-02-08 22:14:49 [main] INFO  com.revshop.util.DBUtil - Oracle JDBC Driver loaded
2026-02-08 22:14:49 [main] INFO  com.revshop.util.DBUtil - Creating database connection
2026-02-08 22:14:50 [main] INFO  com.revshop.util.DBUtil - Creating database connection
2026-02-08 22:14:50 [main] INFO  com.revshop.util.DBUtil - Creating database connection
2026-02-08 22:15:00 [main] INFO  com.revshop.util.DBUtil - Oracle JDBC Driver loaded
2026-02-08 22:15:00 [main] INFO  com.revshop.util.DBUtil - Creating database connection
2026-02-08 22:15:01 [main] INFO  com.revshop.util.DBUtil - Creating database connection
2026-02-08 22:15:01 [main] INFO  com.revshop.util.DBUtil - Creating database connection
2026-02-08 22:15:01 [main] INFO  com.revshop.util.DBUtil - Creating database connection
2026-02-08 22:19:45 [main] INFO  com.revshop.util.DBUtil - Oracle JDBC Driver loaded
2026-02-08 22:19:45 [main] INFO  com.revshop.util.DBUtil - Creating database connection
2026-02-08 22:19:46 [main] INFO  com.revshop.util.DBUtil - Creating database connection
2026-02-08 22:19:46 [main] INFO  com.revshop.util.DBUtil - Creating database connection
2026-02-08 22:21:32 [main] INFO  com.revshop.util.DBUtil - Oracle JDBC Driver loaded
2026-02-08 22:21:32 [main] INFO  com.revshop.util.DBUtil - Creating database connection
2026-02-08 22:21:33 [main] INFO  com.revshop.util.DBUtil - Creating database connection
2026-02-08 22:21:33 [main] INFO  com.revshop.util.DBUtil - Creating database connection
2026-02-08 22:31:47 [main] INFO  com.revshop.util.DBUtil - Oracle JDBC Driver loaded
2026-02-08 22:31:47 [main] INFO  com.revshop.util.DBUtil - Creating database connection
2026-02-08 22:31:48 [main] INFO  com.revshop.util.DBUtil - Creating database connection
2026-02-08 22:31:48 [main] INFO  com.revshop.util.DBUtil - Creating database connection
2026-02-08 22:36:22 [main] INFO  com.revshop.util.DBUtil - Oracle JDBC Driver loaded
2026-02-08 22:36:22 [main] INFO  com.revshop.util.DBUtil - Creating database connection
2026-02-08 22:36:23 [main] INFO  com.revshop.util.DBUtil - Creating database connection
2026-02-08 22:36:23 [main] INFO  com.revshop.util.DBUtil - Creating database connection
2026-02-08 22:59:55 [main] INFO  com.revshop.util.DBUtil - Oracle JDBC Driver loaded
2026-02-08 22:59:55 [main] INFO  com.revshop.util.DBUtil - Creating database connection
2026-02-08 22:59:57 [main] INFO  com.revshop.app.RevShopApp - Login success: anvika@gmail.com
2026-02-08 23:00:25 [main] INFO  com.revshop.util.DBUtil - Creating database connection
2026-02-08 23:00:58 [main] INFO  com.revshop.util.DBUtil - Creating database connection
2026-02-08 23:01:17 [main] INFO  com.revshop.util.DBUtil - Creating database connection
2026-02-08 23:01:21 [main] INFO  com.revshop.util.DBUtil - Creating database connection
2026-02-08 23:01:39 [main] INFO  com.revshop.util.DBUtil - Creating database connection
2026-02-08 23:01:58 [main] INFO  com.revshop.util.DBUtil - Creating database connection
2026-02-08 23:02:12 [main] INFO  com.revshop.util.DBUtil - Creating database connection
2026-02-08 23:02:30 [main] INFO  com.revshop.util.DBUtil - Creating database connection
2026-02-08 23:03:35 [main] INFO  com.revshop.util.DBUtil - Creating database connection
2026-02-08 23:03:35 [main] INFO  com.revshop.app.RevShopApp - Login success: seller1@gmail.com
2026-02-08 23:03:44 [main] INFO  com.revshop.util.DBUtil - Creating database connection
2026-02-08 23:04:24 [main] INFO  com.revshop.util.DBUtil - Creating database connection
2026-02-08 23:04:35 [main] INFO  com.revshop.util.DBUtil - Creating database connection
2026-02-08 23:16:42 [main] INFO  com.revshop.util.DBUtil - Creating database connection
2026-02-08 23:16:42 [main] INFO  com.revshop.app.RevShopApp - Registration success: ruhi1234@gmail.com
